# JRE version: OpenJDK Runtime Environment (8.0_242-b01) (build 1.8.0_242-release-1644-b01)
# Java VM: OpenJDK 64-Bit Server VM (25.242-b01 mixed mode windows-amd64 compressed oops)
Heap:
 PSYoungGen      total 140800K, used 46188K [0x00000000f5580000, 0x0000000100000000, 0x0000000100000000)
  eden space 107008K, 29% used [0x00000000f5580000,0x00000000f746a620,0x00000000fbe00000)
  from space 33792K, 43% used [0x00000000fbe00000,0x00000000fcc30bf8,0x00000000fdf00000)
  to   space 32256K, 0% used [0x00000000fe080000,0x00000000fe080000,0x0000000100000000)
 ParOldGen       total 209408K, used 67550K [0x00000000e0000000, 0x00000000ecc80000, 0x00000000f5580000)
  object space 209408K, 32% used [0x00000000e0000000,0x00000000e41f7a18,0x00000000ecc80000)
 Metaspace       used 87110K, capacity 91294K, committed 91544K, reserved 1128448K
  class space    used 11468K, capacity 12319K, committed 12440K, reserved 1048576K
GC Heap History (10 events):
Event: 71.321 GC heap before
{Heap before GC invocations=16 (full 3):
 PSYoungGen      total 150016K, used 150014K [0x00000000f5580000, 0x0000000100000000, 0x0000000100000000)
  eden space 130560K, 100% used [0x00000000f5580000,0x00000000fd500000,0x00000000fd500000)
  from space 19456K, 99% used [0x00000000fed00000,0x00000000fffffae8,0x0000000100000000)
  to   space 22016K, 0% used [0x00000000fd500000,0x00000000fd500000,0x00000000fea80000)
 ParOldGen       total 209408K, used 33622K [0x00000000e0000000, 0x00000000ecc80000, 0x00000000f5580000)
  object space 209408K, 16% used [0x00000000e0000000,0x00000000e20d5bd0,0x00000000ecc80000)
 Metaspace       used 76056K, capacity 79412K, committed 79640K, reserved 1118208K
  class space    used 10292K, capacity 10955K, committed 11032K, reserved 1048576K
Event: 71.345 GC heap after
Heap after GC invocations=16 (full 3):
 PSYoungGen      total 152576K, used 14121K [0x00000000f5580000, 0x0000000100000000, 0x0000000100000000)
  eden space 130560K, 0% used [0x00000000f5580000,0x00000000f5580000,0x00000000fd500000)
  from space 22016K, 64% used [0x00000000fd500000,0x00000000fe2ca650,0x00000000fea80000)
  to   space 22016K, 0% used [0x00000000fea80000,0x00000000fea80000,0x0000000100000000)
 ParOldGen       total 209408K, used 40960K [0x00000000e0000000, 0x00000000ecc80000, 0x00000000f5580000)
  object space 209408K, 19% used [0x00000000e0000000,0x00000000e2800388,0x00000000ecc80000)
 Metaspace       used 76056K, capacity 79412K, committed 79640K, reserved 1118208K
  class space    used 10292K, capacity 10955K, committed 11032K, reserved 1048576K
}
Event: 72.686 GC heap before
{Heap before GC invocations=17 (full 3):
 PSYoungGen      total 152576K, used 144681K [0x00000000f5580000, 0x0000000100000000, 0x0000000100000000)
  eden space 130560K, 100% used [0x00000000f5580000,0x00000000fd500000,0x00000000fd500000)
  from space 22016K, 64% used [0x00000000fd500000,0x00000000fe2ca650,0x00000000fea80000)
  to   space 22016K, 0% used [0x00000000fea80000,0x00000000fea80000,0x0000000100000000)
 ParOldGen       total 209408K, used 40960K [0x00000000e0000000, 0x00000000ecc80000, 0x00000000f5580000)
  object space 209408K, 19% used [0x00000000e0000000,0x00000000e2800388,0x00000000ecc80000)
 Metaspace       used 76736K, capacity 80084K, committed 80152K, reserved 1118208K
  class space    used 10328K, capacity 10987K, committed 11032K, reserved 1048576K
Event: 72.700 GC heap after
Heap after GC invocations=17 (full 3):
 PSYoungGen      total 150528K, used 17714K [0x00000000f5580000, 0x0000000100000000, 0x0000000100000000)
  eden space 128512K, 0% used [0x00000000f5580000,0x00000000f5580000,0x00000000fd300000)
  from space 22016K, 80% used [0x00000000fea80000,0x00000000ffbcca70,0x0000000100000000)
  to   space 23040K, 0% used [0x00000000fd300000,0x00000000fd300000,0x00000000fe980000)
 ParOldGen       total 209408K, used 40968K [0x00000000e0000000, 0x00000000ecc80000, 0x00000000f5580000)
  object space 209408K, 19% used [0x00000000e0000000,0x00000000e2802388,0x00000000ecc80000)
 Metaspace       used 76736K, capacity 80084K, committed 80152K, reserved 1118208K
  class space    used 10328K, capacity 10987K, committed 11032K, reserved 1048576K
}
Event: 73.283 GC heap before
{Heap before GC invocations=18 (full 3):
 PSYoungGen      total 150528K, used 146226K [0x00000000f5580000, 0x0000000100000000, 0x0000000100000000)
  eden space 128512K, 100% used [0x00000000f5580000,0x00000000fd300000,0x00000000fd300000)
  from space 22016K, 80% used [0x00000000fea80000,0x00000000ffbcca70,0x0000000100000000)
  to   space 23040K, 0% used [0x00000000fd300000,0x00000000fd300000,0x00000000fe980000)
 ParOldGen       total 209408K, used 40968K [0x00000000e0000000, 0x00000000ecc80000, 0x00000000f5580000)
  object space 209408K, 19% used [0x00000000e0000000,0x00000000e2802388,0x00000000ecc80000)
 Metaspace       used 76756K, capacity 80084K, committed 80152K, reserved 1118208K
  class space    used 10330K, capacity 10987K, committed 11032K, reserved 1048576K
Event: 73.297 GC heap after
Heap after GC invocations=18 (full 3):
 PSYoungGen      total 149504K, used 20545K [0x00000000f5580000, 0x0000000100000000, 0x0000000100000000)
  eden space 128512K, 0% used [0x00000000f5580000,0x00000000f5580000,0x00000000fd300000)
  from space 20992K, 97% used [0x00000000fd300000,0x00000000fe710510,0x00000000fe780000)
  to   space 24576K, 0% used [0x00000000fe800000,0x00000000fe800000,0x0000000100000000)
 ParOldGen       total 209408K, used 40968K [0x00000000e0000000, 0x00000000ecc80000, 0x00000000f5580000)
  object space 209408K, 19% used [0x00000000e0000000,0x00000000e2802388,0x00000000ecc80000)
 Metaspace       used 76756K, capacity 80084K, committed 80152K, reserved 1118208K
  class space    used 10330K, capacity 10987K, committed 11032K, reserved 1048576K
}
Event: 107.747 GC heap before
{Heap before GC invocations=19 (full 3):
 PSYoungGen      total 149504K, used 149057K [0x00000000f5580000, 0x0000000100000000, 0x0000000100000000)
  eden space 128512K, 100% used [0x00000000f5580000,0x00000000fd300000,0x00000000fd300000)
  from space 20992K, 97% used [0x00000000fd300000,0x00000000fe710510,0x00000000fe780000)
  to   space 24576K, 0% used [0x00000000fe800000,0x00000000fe800000,0x0000000100000000)
 ParOldGen       total 209408K, used 40968K [0x00000000e0000000, 0x00000000ecc80000, 0x00000000f5580000)
  object space 209408K, 19% used [0x00000000e0000000,0x00000000e2802388,0x00000000ecc80000)
 Metaspace       used 83728K, capacity 87690K, committed 87960K, reserved 1126400K
  class space    used 11083K, capacity 11875K, committed 11928K, reserved 1048576K
Event: 107.792 GC heap after
Heap after GC invocations=19 (full 3):
 PSYoungGen      total 131584K, used 24560K [0x00000000f5580000, 0x0000000100000000, 0x0000000100000000)
  eden space 107008K, 0% used [0x00000000f5580000,0x00000000f5580000,0x00000000fbe00000)
  from space 24576K, 99% used [0x00000000fe800000,0x00000000ffffc140,0x0000000100000000)
  to   space 33792K, 0% used [0x00000000fbe00000,0x00000000fbe00000,0x00000000fdf00000)
 ParOldGen       total 209408K, used 56716K [0x00000000e0000000, 0x00000000ecc80000, 0x00000000f5580000)
  object space 209408K, 27% used [0x00000000e0000000,0x00000000e3763388,0x00000000ecc80000)
 Metaspace       used 83728K, capacity 87690K, committed 87960K, reserved 1126400K
  class space    used 11083K, capacity 11875K, committed 11928K, reserved 1048576K
}
Event: 125.735 GC heap before
{Heap before GC invocations=20 (full 3):
 PSYoungGen      total 131584K, used 131568K [0x00000000f5580000, 0x0000000100000000, 0x0000000100000000)
  eden space 107008K, 100% used [0x00000000f5580000,0x00000000fbe00000,0x00000000fbe00000)
  from space 24576K, 99% used [0x00000000fe800000,0x00000000ffffc140,0x0000000100000000)
  to   space 33792K, 0% used [0x00000000fbe00000,0x00000000fbe00000,0x00000000fdf00000)
 ParOldGen       total 209408K, used 56716K [0x00000000e0000000, 0x00000000ecc80000, 0x00000000f5580000)
  object space 209408K, 27% used [0x00000000e0000000,0x00000000e3763388,0x00000000ecc80000)
 Metaspace       used 86769K, capacity 90954K, committed 91160K, reserved 1128448K
  class space    used 11435K, capacity 12305K, committed 12312K, reserved 1048576K
Event: 125.790 GC heap after
Heap after GC invocations=20 (full 3):
 PSYoungGen      total 140800K, used 14530K [0x00000000f5580000, 0x0000000100000000, 0x0000000100000000)
  eden space 107008K, 0% used [0x00000000f5580000,0x00000000f5580000,0x00000000fbe00000)
  from space 33792K, 43% used [0x00000000fbe00000,0x00000000fcc30bf8,0x00000000fdf00000)
  to   space 32256K, 0% used [0x00000000fe080000,0x00000000fe080000,0x0000000100000000)
 ParOldGen       total 209408K, used 67550K [0x00000000e0000000, 0x00000000ecc80000, 0x00000000f5580000)
  object space 209408K, 32% used [0x00000000e0000000,0x00000000e41f7a18,0x00000000ecc80000)
 Metaspace       used 86769K, capacity 90954K, committed 91160K, reserved 1128448K
  class space    used 11435K, capacity 12305K, committed 12312K, reserved 1048576K
}

